<?xml version="1.0" encoding="UTF-8"?>
<!-- Generated by org.testng.reporters.JUnitXMLReporter -->
<testsuite hostname="NAG1-LHP-N06618" ignored="0" name="Test" tests="4" failures="3" timestamp="29 Dec 2018 06:55:39 GMT" time="24.393" errors="0">
  <testcase name="login" time="24.326" classname="main.trialtest"/>
  <testcase name="profile" time="0.003" classname="main.trialtest">
    <failure type="java.lang.NullPointerException">
      <![CDATA[java.lang.NullPointerException
at main.trialtest.profile(trialtest.java:61)
... Removed 25 stack frames]]>
    </failure>
  </testcase> <!-- profile -->
  <testcase name="myServices" time="0.002" classname="main.trialtest">
    <failure type="java.lang.NullPointerException">
      <![CDATA[java.lang.NullPointerException
at main.trialtest.myServices(trialtest.java:103)
... Removed 25 stack frames]]>
    </failure>
  </testcase> <!-- myServices -->
  <testcase name="logout" time="0.002" classname="main.trialtest">
    <failure type="java.lang.NullPointerException">
      <![CDATA[java.lang.NullPointerException
at main.trialtest.logout(trialtest.java:118)
... Removed 25 stack frames]]>
    </failure>
  </testcase> <!-- logout -->
</testsuite> <!-- Test -->
